"D:/Unreal Projects/Project One/Sun/Content/MyWaypoint.uasset" 0
"D:/Unreal Projects/Project One/Sun/Content/Assets/ParagonMurdock/Characters/Global/Eyes/Textures/T_Eye_Tearduct__normals.uasset" 1
"../../../Engine/Content/EngineMaterials/Good64x64TilingNoiseHighFreq.uasset" 2
"../../../Engine/Content/EngineMaterials/DefaultDiffuse.uasset" 3
"D:/Unreal Projects/Project One/Sun/Content/Assets/ParagonMurdock/Characters/Global/MaterialLayers/Fabric/T_Flat_White.uasset" 4
"../../../Engine/Content/EngineResources/Black.uasset" 5
"../../../Engine/Content/EngineMaterials/FlatNormal.uasset" 6
"D:/Unreal Projects/Project One/Sun/Content/Assets/ParagonMurdock/Characters/Global/Textures/Noise/T_AtmosphericCloudNoise03.uasset" 7
"D:/Unreal Projects/Project One/Sun/Content/Assets/ParagonMurdock/Characters/Global/Textures/Noise/T_AtmosphericCloudNoise01_N.uasset" 8
"D:/Unreal Projects/Project One/Sun/Content/Assets/ParagonMurdock/Characters/Global/Textures/Noise/T_AtmosphericCloudNoise01.uasset" 9
"D:/Unreal Projects/Project One/Sun/Content/Assets/ParagonMurdock/Characters/Global/MaterialLayers/Rubber/T_Blank_N.uasset" 10
"D:/Unreal Projects/Project One/Sun/Content/Assets/ParagonMurdock/Characters/Global/MaterialLayers/Metal/T_Blue_Metal02.uasset" 11
"../../../Engine/Content/EngineMaterials/DefaultNormal.uasset" 12
"D:/Unreal Projects/Project One/Sun/Content/Assets/ParagonMurdock/Characters/Global/ParameterCollections/OrionGlobalGameplayCollection.uasset" 13
"../../../Engine/Content/Functions/Engine_MaterialFunctions03/Blends/Lerp_ScratchGrime.uasset" 14
"D:/Unreal Projects/Project One/Sun/Content/Assets/ParagonMurdock/Characters/Global/T_TestML_Mask.uasset" 15
"D:/Unreal Projects/Project One/Sun/Content/Assets/ParagonMurdock/Characters/Global/MaterialLayers/ML__Blank.uasset" 16
"D:/Unreal Projects/Project One/Sun/Content/Assets/ParagonMurdock/Characters/Global/MaterialFunctions/MaterialLayerConstructors/MLC_Standard.uasset" 17
"D:/Unreal Projects/Project One/Sun/Content/Assets/ParagonMurdock/Characters/Global/MaterialFunctions/MaterialLayerConstructors/MLC_ScratchAndGrime.uasset" 18
"../../../Engine/Content/Functions/MaterialLayerFunctions/MatLayerBlend_OverrideBaseColor.uasset" 19
"../../../Engine/Content/Functions/MaterialLayerFunctions/MatLayerBlend_BreakBaseColor.uasset" 20
"../../../Engine/Content/Functions/Engine_MaterialFunctions01/Shading/MetallicShading.uasset" 21
"../../../Engine/Content/Functions/MaterialLayerFunctions/MatLayerBlend_Standard.uasset" 22
"D:/Unreal Projects/Project One/Sun/Content/Assets/ParagonMurdock/Characters/Global/MaterialLayers/Metal/ML_blue_Metal.uasset" 23
"../../../Engine/Content/Functions/MaterialLayerFunctions/MatLayerBlend_Emissive.uasset" 24
"../../../Engine/Content/Functions/Engine_MaterialFunctions02/Utility/BreakOutFloat3Components.uasset" 25
"D:/Unreal Projects/Project One/Sun/Content/Assets/ParagonMurdock/Characters/Global/MaterialFunctions/MF_OrionRimlight.uasset" 26
"../../../Engine/Content/Functions/MaterialLayerFunctions/MatLayerBlend_Tint.uasset" 27
"D:/Unreal Projects/Project One/Sun/Content/Assets/ParagonMurdock/Characters/Global/MaterialFunctions/MF_HitFlash.uasset" 28
"../../../Engine/Content/Functions/Engine_MaterialFunctions02/Texturing/ScreenAlignedPixelToPixelUVs.uasset" 29
"../../../Engine/Content/Functions/Engine_MaterialFunctions02/Utility/DitherTemporalAA.uasset" 30
"../../../Engine/Content/Functions/Engine_MaterialFunctions01/Gradient/LinearGradient.uasset" 31
"../../../Engine/Content/Functions/Engine_MaterialFunctions01/ImageAdjustment/CheapContrast.uasset" 32
"../../../Engine/Content/Functions/Engine_MaterialFunctions01/Texturing/WorldAlignedTexture.uasset" 33
"D:/Unreal Projects/Project One/Sun/Content/Assets/ParagonMurdock/Characters/Global/MaterialFunctions/MF_DeathFade.uasset" 34
"D:/Unreal Projects/Project One/Sun/Content/Assets/ParagonMurdock/Characters/Global/MaterialFunctions/MF_BrightnessAdjust.uasset" 35
"D:/Unreal Projects/Project One/Sun/Content/Assets/ParagonMurdock/Characters/Global/MaterialFunctions/MF_CharacterEffects.uasset" 36
"D:/Unreal Projects/Project One/Sun/Content/Assets/ParagonMurdock/Characters/Global/Glass/M_Glass_Master.uasset" 37
"../../../Engine/Content/Functions/Engine_MaterialFunctions02/ObjectLocalBounds.uasset" 38
"../../../Engine/Content/Functions/Engine_MaterialFunctions02/UVs/BoundingBoxBased_0-1_UVW.uasset" 39
"D:/Unreal Projects/Project One/Sun/Content/Assets/ParagonMurdock/Characters/Global/MaterialFunctions/MF_RimLight.uasset" 40
"../../../Engine/Content/Functions/Engine_MaterialFunctions01/ImageAdjustment/SCurve.uasset" 41
"D:/Unreal Projects/Project One/Sun/Content/Assets/ParagonMurdock/Characters/Global/MaterialFunctions/MF_CharacterGradient.uasset" 42
"../../../Engine/Content/EngineMaterials/BlendFunc_DefBlend.uasset" 43
"../../../Engine/Content/EngineMaterials/BlendFunc_DefBase.uasset" 44
"../../../Engine/Content/Functions/Engine_MaterialFunctions03/Blends/Blend_Screen.uasset" 45
"D:/Unreal Projects/Project One/Sun/Content/Assets/ParagonMurdock/Characters/Global/MaterialFunctions/MF_Fuzz_Layer.uasset" 46
"D:/Unreal Projects/Project One/Sun/Content/Assets/ParagonMurdock/Characters/Global/MaterialFunctions/MF_Mask_Harden.uasset" 47
"D:/Unreal Projects/Project One/Sun/Content/Assets/ParagonMurdock/Characters/Global/MaterialFunctions/Special/MF_Iridescent_Blobs.uasset" 48
"D:/Unreal Projects/Project One/Sun/Content/Assets/ParagonMurdock/Characters/Global/MaterialLayers/Fabric/T_ML_Canvas_Grey01_N.uasset" 49
"D:/Unreal Projects/Project One/Sun/Content/Assets/ParagonMurdock/Characters/Global/MaterialLayers/Fabric/T_ML_Canvas_Grey01.uasset" 50
"D:/Unreal Projects/Project One/Sun/Content/Assets/ParagonMurdock/Characters/Heroes/Murdock/Materials/MF_ClothShading.uasset" 51
"D:/Unreal Projects/Project One/Sun/Content/Assets/ParagonMurdock/Characters/Global/MaterialFunctions/MaterialLayerConstructors/MF_RoughnessAdjustment.uasset" 52
"D:/Unreal Projects/Project One/Sun/Content/Assets/ParagonMurdock/Characters/Global/MaterialFunctions/MaterialLayerConstructors/MF_BaseColorTintAndContrast.uasset" 53
"D:/Unreal Projects/Project One/Sun/Content/Assets/ParagonMurdock/Characters/Global/MaterialLayers/Fabric/ML_Canvas_Grey01.uasset" 54
"D:/Unreal Projects/Project One/Sun/Content/Assets/ParagonMurdock/Characters/Global/MaterialLayers/Fabric/T_ML_Cloth_Normal.uasset" 55
"D:/Unreal Projects/Project One/Sun/Content/Assets/ParagonMurdock/Characters/Global/MaterialLayers/Fabric/T_ML_Cloth_D.uasset" 56
"../../../Engine/Content/Functions/Engine_MaterialFunctions01/Shading/FuzzyShading.uasset" 57
"../../../Engine/Content/Functions/Engine_MaterialFunctions01/Texturing/FlattenNormal.uasset" 58
"D:/Unreal Projects/Project One/Sun/Content/Assets/ParagonMurdock/Characters/Global/MaterialLayers/Fabric/ML_Cloth_01.uasset" 59
"D:/Unreal Projects/Project One/Sun/Content/Assets/ParagonMurdock/Characters/Global/MaterialLayers/Patterns/T_Camo_D.uasset" 60
"D:/Unreal Projects/Project One/Sun/Content/Assets/ParagonMurdock/Characters/Global/MaterialLayers/Fabric/T_ML_Fabric_Camo_N.uasset" 61
"D:/Unreal Projects/Project One/Sun/Content/Assets/ParagonMurdock/Characters/Global/MaterialLayers/Fabric/ML_Fabric_Camo3.uasset" 62
"D:/Unreal Projects/Project One/Sun/Content/Assets/ParagonMurdock/Characters/Global/MaterialLayers/Fabric/T_ML_Fabric_Blue_Medium_N.uasset" 63
"D:/Unreal Projects/Project One/Sun/Content/Assets/ParagonMurdock/Characters/Global/MaterialLayers/Fabric/T_ML_Fabric_Shiny_Gray.uasset" 64
"D:/Unreal Projects/Project One/Sun/Content/Assets/ParagonMurdock/Characters/Global/MaterialLayers/Fabric/ML_Fabric_shiny_Gray.uasset" 65
"D:/Unreal Projects/Project One/Sun/Content/Assets/ParagonMurdock/Characters/Global/MaterialLayers/Fabric/T_noisemask.uasset" 66
"D:/Unreal Projects/Project One/Sun/Content/Assets/ParagonMurdock/Characters/Global/MaterialLayers/Fabric/T_ML_SmoothTech_01_D.uasset" 67
"D:/Unreal Projects/Project One/Sun/Content/Assets/ParagonMurdock/Characters/Global/MaterialLayers/Fabric/ML_Fabric_SmoothTech01.uasset" 68
"D:/Unreal Projects/Project One/Sun/Content/Assets/ParagonMurdock/Characters/Global/MaterialLayers/Fabric/T_Heavy_Fabric01_N.uasset" 69
"D:/Unreal Projects/Project One/Sun/Content/Assets/ParagonMurdock/Characters/Global/MaterialLayers/Fabric/T_Heavy_Fabric01.uasset" 70
"D:/Unreal Projects/Project One/Sun/Content/Assets/ParagonMurdock/Characters/Global/MaterialFunctions/MF_ClothShading.uasset" 71
"D:/Unreal Projects/Project One/Sun/Content/Assets/ParagonMurdock/Characters/Global/MaterialLayers/Fabric/ML_HeavyFabric01.uasset" 72
"D:/Unreal Projects/Project One/Sun/Content/Assets/ParagonMurdock/Characters/Global/MaterialLayers/Fabric/T_nylonstap_N.uasset" 73
"D:/Unreal Projects/Project One/Sun/Content/Assets/ParagonMurdock/Characters/Global/MaterialLayers/Fabric/T_nylonstap_D.uasset" 74
"D:/Unreal Projects/Project One/Sun/Content/Assets/ParagonMurdock/Characters/Global/MaterialFunctions/MF_Character_MaterialLayerQuality.uasset" 75
"D:/Unreal Projects/Project One/Sun/Content/Assets/ParagonMurdock/Characters/Global/MaterialLayers/Fabric/ML_NylonStrap.uasset" 76
"D:/Unreal Projects/Project One/Sun/Content/Assets/ParagonMurdock/Characters/Global/MaterialLayers/Fabric/T_silkroughness.uasset" 77
"D:/Unreal Projects/Project One/Sun/Content/Assets/ParagonMurdock/Characters/Global/MaterialLayers/Fabric/T_GoldFabric01_N.uasset" 78
"D:/Unreal Projects/Project One/Sun/Content/Assets/ParagonMurdock/Characters/Global/MaterialLayers/Fabric/ML_RoyalSilk.uasset" 79
"D:/Unreal Projects/Project One/Sun/Content/Assets/ParagonMurdock/Characters/Global/MaterialLayers/Fabric/T_Wool2_N.uasset" 80
"D:/Unreal Projects/Project One/Sun/Content/Assets/ParagonMurdock/Characters/Global/MaterialLayers/Fabric/T_Wool2_D.uasset" 81
"D:/Unreal Projects/Project One/Sun/Content/Assets/ParagonMurdock/Characters/Global/MaterialLayers/Fabric/ML_Wool02.uasset" 82
"D:/Unreal Projects/Project One/Sun/Content/Assets/ParagonMurdock/Characters/Global/MaterialLayers/Leather/T_UnpleasentGrime_D.uasset" 83
"D:/Unreal Projects/Project One/Sun/Content/Assets/ParagonMurdock/Characters/Global/MaterialLayers/Leather/T_Dark_Leather_N.uasset" 84
"D:/Unreal Projects/Project One/Sun/Content/Assets/ParagonMurdock/Characters/Global/MaterialLayers/Leather/T_Light_Leather2.uasset" 85
"D:/Unreal Projects/Project One/Sun/Content/Assets/ParagonMurdock/Characters/Global/MaterialLayers/Leather/ML_Light_Leather01_Stained.uasset" 86
"D:/Unreal Projects/Project One/Sun/Content/Assets/ParagonMurdock/Characters/Global/MaterialLayers/Leather/ML_Light_Leather_Brown2.uasset" 87
"D:/Unreal Projects/Project One/Sun/Content/Assets/ParagonMurdock/Characters/Global/MaterialLayers/Rock/T_Weathered__Detail001_Mask.uasset" 88
"D:/Unreal Projects/Project One/Sun/Content/Assets/ParagonMurdock/Characters/Global/MaterialLayers/Metal/T_RoughMetal01_N.uasset" 89
"D:/Unreal Projects/Project One/Sun/Content/Assets/ParagonMurdock/Characters/Global/MaterialLayers/Metal/T_RoughMetal01.uasset" 90
"D:/Unreal Projects/Project One/Sun/Content/Assets/ParagonMurdock/Characters/Global/MaterialLayers/Metal/T_Rough_Metal_N.uasset" 91
"D:/Unreal Projects/Project One/Sun/Content/Assets/ParagonMurdock/Characters/Global/MaterialLayers/Metal/T_Hammer_Armour_Mask.uasset" 92
"D:/Unreal Projects/Project One/Sun/Content/Assets/ParagonMurdock/Characters/Global/MaterialLayers/Metal/T_RoughMetal01_N2.uasset" 93
"D:/Unreal Projects/Project One/Sun/Content/Assets/ParagonMurdock/Characters/Global/MaterialLayers/Metal/T_IronRust_Tile_N.uasset" 94
"D:/Unreal Projects/Project One/Sun/Content/Assets/ParagonMurdock/Characters/Global/MaterialLayers/Metal/T_IronRust_Tile_D.uasset" 95
"../../../Engine/Content/Functions/Engine_MaterialFunctions02/Utility/BlendAngleCorrectedNormals.uasset" 96
"D:/Unreal Projects/Project One/Sun/Content/Assets/ParagonMurdock/Characters/Global/MaterialLayers/Metal/ML_Rust02.uasset" 97
"D:/Unreal Projects/Project One/Sun/Content/Assets/ParagonMurdock/Characters/Global/MaterialLayers/Metal/T_Brushed_Copper_N.uasset" 98
"D:/Unreal Projects/Project One/Sun/Content/Assets/ParagonMurdock/Characters/Global/MaterialLayers/Metal/T_Brushed_Copper_D.uasset" 99
"D:/Unreal Projects/Project One/Sun/Content/Assets/ParagonMurdock/Characters/Global/MaterialLayers/Metal/ML_Brushed_Copper4.uasset" 100
"D:/Unreal Projects/Project One/Sun/Content/Assets/ParagonMurdock/Characters/Global/MaterialLayers/Metal/ML_Brushed_Copper2.uasset" 101
"../../../Engine/Content/Functions/MaterialLayerFunctions/MatLayerBlend_NormalBlend.uasset" 102
"D:/Unreal Projects/Project One/Sun/Content/Assets/ParagonMurdock/Characters/Global/MaterialLayers/Metal/ML_Aged_Bronze_1.uasset" 103
"D:/Unreal Projects/Project One/Sun/Content/Assets/ParagonMurdock/Characters/Global/MaterialLayers/Metal/ML_Aged_Bronze_3.uasset" 104
"../../../Engine/Content/Functions/MaterialLayerFunctions/MatLayerBlend_OverrideOpacity.uasset" 105
"D:/Unreal Projects/Project One/Sun/Content/Assets/ParagonMurdock/Characters/Global/MaterialFunctions/MaterialLayerConstructors/MLC_SolidValues.uasset" 106
"D:/Unreal Projects/Project One/Sun/Content/Assets/ParagonMurdock/Characters/Global/MaterialLayers/Metal/ML_BladeMetal.uasset" 107
"D:/Unreal Projects/Project One/Sun/Content/Assets/ParagonMurdock/Characters/Global/MaterialLayers/Metal/T_Gray_Flat_Black.uasset" 108
"D:/Unreal Projects/Project One/Sun/Content/Assets/ParagonMurdock/Characters/Global/MaterialLayers/Metal/ML_blueSteel.uasset" 109
"D:/Unreal Projects/Project One/Sun/Content/Assets/ParagonMurdock/Characters/Global/MaterialLayers/Metal/ML_Brushed_Copper3.uasset" 110
"D:/Unreal Projects/Project One/Sun/Content/Assets/ParagonMurdock/Characters/Global/MaterialLayers/Metal/T_ML_Aluminum_01.uasset" 111
"D:/Unreal Projects/Project One/Sun/Content/Assets/ParagonMurdock/Characters/Global/MaterialLayers/Metal/ML_GlossyArmor.uasset" 112
"D:/Unreal Projects/Project One/Sun/Content/Assets/ParagonMurdock/Characters/Global/MaterialLayers/Metal/T_Metal_Precious_Old_RGBA.uasset" 113
"D:/Unreal Projects/Project One/Sun/Content/Assets/ParagonMurdock/Characters/Global/MaterialLayers/Metal/T_Metal_Precious_Old_N.uasset" 114
"D:/Unreal Projects/Project One/Sun/Content/Assets/ParagonMurdock/Characters/Global/MaterialLayers/Metal/ML_Precious_Metal_Old.uasset" 115
"D:/Unreal Projects/Project One/Sun/Content/Assets/ParagonMurdock/Characters/Global/MaterialLayers/Metal/T_Primer_Black_Metal.uasset" 116
"D:/Unreal Projects/Project One/Sun/Content/Assets/ParagonMurdock/Characters/Global/MaterialLayers/Metal/T_Murdock_Body_Color_Overlay.uasset" 117
"D:/Unreal Projects/Project One/Sun/Content/Assets/ParagonMurdock/Characters/Global/MaterialLayers/Metal/ML_Primer_Black_Metal.uasset" 118
"D:/Unreal Projects/Project One/Sun/Content/Assets/ParagonMurdock/Characters/Global/MaterialLayers/Metal/T_Primer_Black_Metal2.uasset" 119
"D:/Unreal Projects/Project One/Sun/Content/Assets/ParagonMurdock/Characters/Global/MaterialLayers/Metal/ML_Primer_Colored.uasset" 120
"D:/Unreal Projects/Project One/Sun/Content/Assets/ParagonMurdock/Characters/Global/MaterialLayers/Metal/T_Murdock_Metal_Tiling_D.uasset" 121
"D:/Unreal Projects/Project One/Sun/Content/Assets/ParagonMurdock/Characters/Global/MaterialLayers/Metal/ML_Scratched_metal.uasset" 122
"D:/Unreal Projects/Project One/Sun/Content/Assets/ParagonMurdock/Characters/Global/MaterialLayers/Metal/ML_shinyMetal.uasset" 123
"D:/Unreal Projects/Project One/Sun/Content/Assets/ParagonMurdock/Characters/Global/MaterialLayers/Metal/T_ML_Aluminum01_N.uasset" 124
"D:/Unreal Projects/Project One/Sun/Content/Assets/ParagonMurdock/Characters/Global/MaterialLayers/Metal/T_ML_Aluminum01.uasset" 125
"D:/Unreal Projects/Project One/Sun/Content/Assets/ParagonMurdock/Characters/Global/MaterialLayers/Metal/ML_SoftMetal01.uasset" 126
"D:/Unreal Projects/Project One/Sun/Content/Assets/ParagonMurdock/Characters/Global/MaterialLayers/Metal/ML_Steel.uasset" 127
"D:/Unreal Projects/Project One/Sun/Content/Assets/ParagonMurdock/Characters/Global/MaterialLayers/Metal/T_Rust01_N.uasset" 128
"D:/Unreal Projects/Project One/Sun/Content/Assets/ParagonMurdock/Characters/Global/MaterialLayers/Metal/T_Rust02_D.uasset" 129
"D:/Unreal Projects/Project One/Sun/Content/Assets/ParagonMurdock/Characters/Global/MaterialLayers/Metal/T_UnpleasentGrime_D.uasset" 130
"D:/Unreal Projects/Project One/Sun/Content/Assets/ParagonMurdock/Characters/Global/MaterialLayers/Painted/T_PaintScratches.uasset" 131
"D:/Unreal Projects/Project One/Sun/Content/Assets/ParagonMurdock/Characters/Global/MaterialLayers/Painted/ML_MetallicClearCoat02.uasset" 132
"D:/Unreal Projects/Project One/Sun/Content/Assets/ParagonMurdock/Characters/Global/MaterialLayers/Painted/T_TilingRock01_D.uasset" 133
"D:/Unreal Projects/Project One/Sun/Content/Assets/ParagonMurdock/Characters/Global/MaterialLayers/Painted/T_Cream_Painted_Metal_N.uasset" 134
"../../../Engine/Content/Functions/MaterialLayerFunctions/MatLayerBlend_ReplaceNormals.uasset" 135
"../../../Engine/Content/Functions/MaterialLayerFunctions/MatLayerBlend_BakedNormal.uasset" 136
"D:/Unreal Projects/Project One/Sun/Content/Assets/ParagonMurdock/Characters/Global/MaterialLayers/Painted/ML_Paint_OverMetal02.uasset" 137
"D:/Unreal Projects/Project One/Sun/Content/Assets/ParagonMurdock/Characters/Global/MaterialLayers/Painted/ML_Plain_Glossy_Plastic.uasset" 138
"D:/Unreal Projects/Project One/Sun/Content/Assets/ParagonMurdock/Characters/Global/MaterialLayers/Rubber/T_Rubber_2_N.uasset" 139
"D:/Unreal Projects/Project One/Sun/Content/Assets/ParagonMurdock/Characters/Global/MaterialLayers/Rubber/T_Rubber_2.uasset" 140
"D:/Unreal Projects/Project One/Sun/Content/Assets/ParagonMurdock/Characters/Global/MaterialLayers/Rubber/ML_Dark_rubber.uasset" 141
"D:/Unreal Projects/Project One/Sun/Content/Assets/ParagonMurdock/Characters/Global/MaterialLayers/Rubber/ML_Light_rubber.uasset" 142
"D:/Unreal Projects/Project One/Sun/Content/Assets/ParagonMurdock/Characters/Global/MaterialLayers/Rubber/T_Rubber_LowContrast.uasset" 143
"D:/Unreal Projects/Project One/Sun/Content/Assets/ParagonMurdock/Characters/Global/MaterialLayers/Rubber/ML_Rubber_LowContrast.uasset" 144
"D:/Unreal Projects/Project One/Sun/Content/Assets/ParagonMurdock/Characters/Global/MaterialLayers/Skin/T_TilingBone.uasset" 145
"D:/Unreal Projects/Project One/Sun/Content/Assets/ParagonMurdock/Characters/Global/MaterialLayers/Skin/T_Metal_Patina_N.uasset" 146
"D:/Unreal Projects/Project One/Sun/Content/Assets/ParagonMurdock/Characters/Global/MaterialLayers/Skin/T_Bone_Noise.uasset" 147
"D:/Unreal Projects/Project One/Sun/Content/Assets/ParagonMurdock/Characters/Global/MaterialLayers/Skin/ML_RawBone.uasset" 148
"D:/Unreal Projects/Project One/Sun/Content/Assets/ParagonMurdock/Characters/Global/MaterialLayers/Skin/T_Pore_Specular.uasset" 149
"D:/Unreal Projects/Project One/Sun/Content/Assets/ParagonMurdock/Characters/Global/MaterialLayers/Skin/T_Pore_Normals2.uasset" 150
"D:/Unreal Projects/Project One/Sun/Content/Assets/ParagonMurdock/Characters/Global/MaterialFunctions/MF_SkinPores.uasset" 151
"D:/Unreal Projects/Project One/Sun/Content/Assets/ParagonMurdock/Characters/Global/MaterialLayers/Skin/ML_Skin.uasset" 152
"D:/Unreal Projects/Project One/Sun/Content/Assets/ParagonMurdock/Characters/Global/MaterialLayers/Special/ML_GenericDecals.uasset" 153
"D:/Unreal Projects/Project One/Sun/Content/Assets/ParagonMurdock/Characters/Global/MaterialLayers/Special/T_SkinMud.uasset" 154
"D:/Unreal Projects/Project One/Sun/Content/Assets/ParagonMurdock/Characters/Global/MaterialLayers/Special/T_SoilMud2_N.uasset" 155
"D:/Unreal Projects/Project One/Sun/Content/Assets/ParagonMurdock/Characters/Global/MaterialLayers/Special/ML_Mud.uasset" 156
"D:/Unreal Projects/Project One/Sun/Content/Assets/ParagonMurdock/Characters/Global/MaterialLayers/Special/ML_MurdockDecals.uasset" 157
"D:/Unreal Projects/Project One/Sun/Content/Assets/ParagonMurdock/Characters/Global/MaterialLayers/Synthetics/T_Swirly_Noise_highContrast.uasset" 158
"D:/Unreal Projects/Project One/Sun/Content/Assets/ParagonMurdock/Characters/Global/MaterialLayers/Synthetics/ML_ColorableSemiGem.uasset" 159
"D:/Unreal Projects/Project One/Sun/Content/Assets/ParagonMurdock/Characters/Global/MaterialLayers/Rubber/T_ML_FineRubber_N.uasset" 160
"D:/Unreal Projects/Project One/Sun/Content/Assets/ParagonMurdock/Characters/Global/MaterialLayers/Synthetics/ML_FlatPaint.uasset" 161
"D:/Unreal Projects/Project One/Sun/Content/Assets/ParagonMurdock/Characters/Global/Textures/Noise/T_noise_flamy_Tile.uasset" 162
"D:/Unreal Projects/Project One/Sun/Content/Assets/ParagonMurdock/Characters/Heroes/Murdock/Materials/T_Murdock_Wasteland_GrungeMetal_Mask.uasset" 163
"D:/Unreal Projects/Project One/Sun/Content/Assets/ParagonMurdock/Characters/Heroes/Murdock/Materials/T_Murdock_Wasteland_GrungeMetal_N.uasset" 164
"D:/Unreal Projects/Project One/Sun/Content/Assets/ParagonMurdock/Characters/Heroes/Murdock/Textures/T_Murdock_Body_Decals_2.uasset" 165
"../../../Engine/Content/EngineMaterials/T_Default_Material_Grid_N.uasset" 166
"../../../Engine/Content/EngineMaterials/T_Default_Material_Grid_M.uasset" 167
"../../../Engine/Content/Functions/Engine_MaterialFunctions01/Opacity/CameraDepthFade.uasset" 168
"../../../Engine/Content/EngineMaterials/WorldGridMaterial.uasset" 169
"D:/Unreal Projects/Project One/Sun/Content/Assets/ParagonMurdock/FX/Meshes/Smoke/SM_SmokeFlat.uasset" 170
"../../../Engine/Content/Functions/Engine_MaterialFunctions02/Utility/DebugTimeSine.uasset" 171
"../../../Engine/Content/Functions/Engine_MaterialFunctions02/SafeNormalize.uasset" 172
"../../../Engine/Content/Functions/Engine_MaterialFunctions02/Math/Transform3x3Matrix.uasset" 173
"../../../Engine/Content/Functions/Engine_MaterialFunctions02/Math/CreateThirdOrthogonalVector.uasset" 174
"../../../Engine/Content/Functions/Engine_MaterialFunctions02/Utility/VectorLength.uasset" 175
"../../../Engine/Content/Functions/Engine_MaterialFunctions02/TangentBasis.uasset" 176
"../../../Engine/Content/Functions/Engine_MaterialFunctions01/WorldPositionOffset/SplineThicken.uasset" 177
"../../../Engine/Content/EditorLandscapeResources/DefaultAlphaTexture.uasset" 178
"D:/Unreal Projects/Project One/Sun/Content/Assets/ParagonMurdock/FX/Meshes/Splines/M_Spline_Preview.uasset" 179
"D:/Unreal Projects/Project One/Sun/Content/Assets/ParagonMurdock/FX/Meshes/Splines/SM_Forward_Burst_Splines.uasset" 180
"D:/Unreal Projects/Project One/Sun/Content/Blueprints/BP_EQSTestPawn.uasset" 181
"D:/Unreal Projects/Project One/Sun/Content/Blueprints/PlayerStart.uasset" 182
"D:/Unreal Projects/Project One/Sun/Content/Lighting/ChromeBall.uasset" 183
"../../../Engine/Content/EditorResources/LevelGrid1DStripes.uasset" 184
"../../../Engine/Content/Functions/Engine_MaterialFunctions02/Utility/Swizzle.uasset" 185
"D:/Unreal Projects/Project One/Sun/Content/Lighting/HDR_ParagonSample.uasset" 186
"D:/Unreal Projects/Project One/Sun/Content/Lighting/M_SkyFloor.uasset" 187
"D:/Unreal Projects/Project One/Sun/Content/Lighting/M_Sky.uasset" 188
"D:/Unreal Projects/Project One/Sun/Content/Lighting/M_Sky_Inst.uasset" 189
"D:/Unreal Projects/Project One/Sun/Content/Lighting/SM_SkyFloor.uasset" 190
"D:/Unreal Projects/Project One/Sun/Content/ParagonMinions/Characters/Global/T_Black_Linear.uasset" 191
"D:/Unreal Projects/Project One/Sun/Content/ParagonMinions/Characters/Global/T_White.uasset" 192
"D:/Unreal Projects/Project One/Sun/Content/ParagonMinions/Characters/Global/FX/Textures/Flares/T_Muriel_Corona_D.uasset" 193
"D:/Unreal Projects/Project One/Sun/Content/ParagonMinions/Characters/Global/MaterialFunctions/MaterialLayerConstructors/MF_BaseColorTintAndContrast.uasset" 194
"D:/Unreal Projects/Project One/Sun/Content/ParagonMinions/Characters/Global/MaterialFunctions/MaterialLayerConstructors/MF_RoughnessAdjustment.uasset" 195
"D:/Unreal Projects/Project One/Sun/Content/ParagonMinions/Characters/Global/MaterialFunctions/MaterialLayerConstructors/MLC_SolidValues.uasset" 196
"D:/Unreal Projects/Project One/Sun/Content/Core/PhysMat_FleshVulnerable.uasset" 197
"D:/Unreal Projects/Project One/Sun/Content/Core/PhysMat_FleshDefault.uasset" 198
"D:/Unreal Projects/Project One/Sun/Content/ParagonMinions/Characters/Minions/Dusk_Minions/Meshes/Minion_Lane_Melee_Core_ShadowCyl.uasset" 199
"D:/Unreal Projects/Project One/Sun/Content/ParagonMinions/Characters/Minions/Dusk_Minions/Textures/Melee/T_Minion_Dusk_Melee_Core_RGBAO.uasset" 200
"D:/Unreal Projects/Project One/Sun/Content/ParagonMinions/Characters/Minions/Dusk_Minions/Textures/Melee/T_Minion_Dusk_Melee_Core_N.uasset" 201
"D:/Unreal Projects/Project One/Sun/Content/ParagonMinions/Characters/Minions/Dusk_Minions/Textures/Melee/T_Minion_Dusk_Melee_Core_COL.uasset" 202
"D:/Unreal Projects/Project One/Sun/Content/ParagonMinions/Characters/Minions/Dusk_Minions/Textures/Super/T_Minion_Dusk_Super_RGBAO.uasset" 203
"D:/Unreal Projects/Project One/Sun/Content/ParagonMinions/Characters/Minions/Dusk_Minions/Textures/Super/T_Minion_Dusk_Super_N.uasset" 204
"D:/Unreal Projects/Project One/Sun/Content/ParagonMinions/Characters/Minions/Dusk_Minions/Textures/Super/T_Minion_Dusk_Super_COL.uasset" 205
"D:/Unreal Projects/Project One/Sun/Content/ParagonMinions/Characters/Global/MaterialFunctions/MaterialLayerConstructors/MLC_Standard.uasset" 206
"D:/Unreal Projects/Project One/Sun/Content/ParagonMinions/Characters/Global/MaterialFunctions/MaterialLayerConstructors/MLC_ScratchAndGrime.uasset" 207
"D:/Unreal Projects/Project One/Sun/Content/ParagonMinions/Characters/Global/MaterialFunctions/T_ThinFilm_Spectrum_COLOR.uasset" 208
"D:/Unreal Projects/Project One/Sun/Content/ParagonMinions/Characters/Global/MaterialFunctions/MF_ThinFilm_Frensel.uasset" 209
"D:/Unreal Projects/Project One/Sun/Content/ParagonMinions/Characters/Global/MaterialLayers/Rubber/T_Blank_N.uasset" 210
"D:/Unreal Projects/Project One/Sun/Content/ParagonMinions/Characters/Global/MaterialLayers/Metal/T_Blue_Metal02.uasset" 211
"D:/Unreal Projects/Project One/Sun/Content/ParagonMinions/Characters/Global/MaterialLayers/T_TestML_Mask.uasset" 212
"D:/Unreal Projects/Project One/Sun/Content/ParagonMinions/Characters/Global/MaterialLayers/ML__Blank.uasset" 213
"D:/Unreal Projects/Project One/Sun/Content/ParagonMinions/Characters/Global/MaterialLayers/Metal/ML_blue_Metal.uasset" 214
"D:/Unreal Projects/Project One/Sun/Content/ParagonMinions/Characters/Global/MaterialFunctions/mf_MinionPrimeBuff.uasset" 215
"D:/Unreal Projects/Project One/Sun/Content/ParagonMinions/Characters/Global/ParameterCollections/OrionGlobalGameplayCollection.uasset" 216
"D:/Unreal Projects/Project One/Sun/Content/ParagonMinions/Characters/Global/MaterialFunctions/MF_OrionRimlight.uasset" 217
"D:/Unreal Projects/Project One/Sun/Content/ParagonMinions/Characters/Global/MaterialFunctions/Textures/T_AtmosphericCloudNoise03.uasset" 218
"D:/Unreal Projects/Project One/Sun/Content/ParagonMinions/Characters/Global/MaterialFunctions/Textures/T_AtmosphericCloudNoise01_N.uasset" 219
"D:/Unreal Projects/Project One/Sun/Content/ParagonMinions/Characters/Global/MaterialFunctions/Textures/T_AtmosphericCloudNoise01.uasset" 220
"D:/Unreal Projects/Project One/Sun/Content/ParagonMinions/Characters/Global/MaterialFunctions/MF_DeathFade.uasset" 221
"D:/Unreal Projects/Project One/Sun/Content/ParagonMinions/Characters/Global/MaterialFunctions/MF_BrightnessAdjust.uasset" 222
"D:/Unreal Projects/Project One/Sun/Content/ParagonMinions/Characters/Global/MaterialFunctions/HitFlash.uasset" 223
"D:/Unreal Projects/Project One/Sun/Content/ParagonMinions/Characters/Global/MaterialFunctions/MF_CharacterEffects.uasset" 224
"D:/Unreal Projects/Project One/Sun/Content/ParagonMinions/Characters/Global/FX/Materials/Functions/MF_MinionApperation.uasset" 225
"D:/Unreal Projects/Project One/Sun/Content/ParagonMinions/Characters/Global/FX/Textures/Tile/Noise/T_Voronoi_Cells_02.uasset" 226
"D:/Unreal Projects/Project One/Sun/Content/ParagonMinions/Characters/Global/Eyes/MaterialFunctions/MinionBurn.uasset" 227
"D:/Unreal Projects/Project One/Sun/Content/ParagonMinions/Characters/Global/Eyes/MaterialFunctions/MF_Minion_EmissiveFX.uasset" 228
"D:/Unreal Projects/Project One/Sun/Content/ParagonMinions/Characters/Minions/Dusk_Minions/Materials/Shared/M_Minion_Dusk_Parent.uasset" 229
"D:/Unreal Projects/Project One/Sun/Content/ParagonMinions/Characters/Minions/Dusk_Minions/Materials/Shared/MI_Minion_Dusk_Core.uasset" 230
"D:/Unreal Projects/Project One/Sun/Content/ParagonMinions/Characters/Global/NotForShip/Human_Scans/_Common/SSP_Human_Default.uasset" 231
"D:/Unreal Projects/Project One/Sun/Content/ParagonMinions/Characters/Minions/Dusk_Minions/Materials/Melee/MI_Minion_Dusk_Melee_Core.uasset" 232
"D:/Unreal Projects/Project One/Sun/Content/ParagonMinions/Characters/Minions/Down_Minions/Meshes/Minion_Lane_Core_Skeleton.uasset" 233
"D:/Unreal Projects/Project One/Sun/Content/ParagonMinions/Characters/Minions/Dusk_Minions/Meshes/Minion_Lane_Melee_Core_Dusk.uasset" 234
"D:/Unreal Projects/Project One/Sun/Content/ParagonMinions/Characters/Minions/Dusk_Minions/Meshes/Minion_Lane_Ranged_Core_ShadowCyl.uasset" 235
"D:/Unreal Projects/Project One/Sun/Content/ParagonMinions/Characters/Minions/Dusk_Minions/Textures/Ranged/T_Minion_Dusk_Ranged_Core_RGBAO.uasset" 236
"D:/Unreal Projects/Project One/Sun/Content/ParagonMinions/Characters/Minions/Dusk_Minions/Textures/Ranged/T_Minion_Dusk_Ranged_Core_N.uasset" 237
"D:/Unreal Projects/Project One/Sun/Content/ParagonMinions/Characters/Minions/Dusk_Minions/Textures/Ranged/T_Minion_Dusk_Ranged_Core_COL.uasset" 238
"D:/Unreal Projects/Project One/Sun/Content/ParagonMinions/Characters/Minions/Dusk_Minions/Materials/Ranged/MI_Minion_Dusk_Ranged_Core.uasset" 239
"D:/Unreal Projects/Project One/Sun/Content/ParagonMinions/Characters/Minions/Dusk_Minions/Meshes/Minion_Lane_Ranged_Core_Dusk.uasset" 240
"D:/Unreal Projects/Project One/Sun/Content/ParagonMinions/Characters/Minions/Dusk_Minions/Meshes/Minion_Lane_Siege_Skeleton.uasset" 241
"D:/Unreal Projects/Project One/Sun/Content/ParagonMinions/Characters/Minions/Dusk_Minions/Textures/Siege/T_Minion_Dusk_Siege_COL.uasset" 242
"D:/Unreal Projects/Project One/Sun/Content/ParagonMinions/Characters/Minions/Dusk_Minions/Textures/Siege/T_Minion_Dusk_Siege_N.uasset" 243
"D:/Unreal Projects/Project One/Sun/Content/ParagonMinions/Characters/Minions/Dusk_Minions/Textures/Siege/T_Minion_Dusk_Siege_RGBAO.uasset" 244
"D:/Unreal Projects/Project One/Sun/Content/ParagonMinions/Characters/Minions/Dusk_Minions/Textures/Super/T_Minion_Dusk_Super_Core_COL.uasset" 245
"D:/Unreal Projects/Project One/Sun/Content/ParagonMinions/Characters/Minions/Dusk_Minions/Textures/Super/T_Minion_Dusk_Super_Core_N.uasset" 246
"D:/Unreal Projects/Project One/Sun/Content/ParagonMinions/Characters/Minions/Dusk_Minions/Textures/Super/T_Minion_Dusk_Super_Core_RGBAO.uasset" 247
"D:/Unreal Projects/Project One/Sun/Content/ParagonMinions/FX/Meshes/Liquid/SM_Pyro_Spit_Mesh_03.uasset" 248
"D:/Unreal Projects/Project One/Sun/Content/ParagonMinions/FX/Meshes/Shapes/SM_MuzzleFlare_Internal.uasset" 249
"D:/Unreal Projects/Project One/Sun/Content/ParagonProps/Monolith/Rocks/Textures/T_MaskDummy.uasset" 250
"../../../Engine/Content/ArtTools/RenderToTexture/Meshes/S_1_Unit_Plane.uasset" 251
"../../../Engine/Content/EngineMaterials/DefaultMaterial.uasset" 252
"../../../Engine/Content/BasicShapes/Cone.uasset" 253
"../../../Engine/Content/BasicShapes/Cube.uasset" 254
"../../../Engine/Content/BasicShapes/Plane.uasset" 255
"../../../Engine/Content/BasicShapes/Sphere.uasset" 256
"../../../Engine/Content/EditorLandscapeResources/DataLayer.uasset" 257
"../../../Engine/Content/EditorMaterials/MAT_Groups_Toggle.uasset" 258
"../../../Engine/Content/EditorMaterials/MAT_Groups_Visibility.uasset" 259
"../../../Engine/Content/EditorMaterials/PreviewShadowIndicator.uasset" 260
"../../../Engine/Content/EditorMaterials/PreviewShadowIndicatorMaterial.uasset" 261
"../../../Engine/Content/EditorMaterials/MatineeGroups/MAT_ColorTrack.uasset" 262
"../../../Engine/Content/EditorMaterials/MatineeGroups/MAT_Groups_Anim.uasset" 263
"../../../Engine/Content/EditorMaterials/MatineeGroups/MAT_Groups_AudioMaster.uasset" 264
"../../../Engine/Content/EditorMaterials/MatineeGroups/MAT_Groups_Director.uasset" 265
"../../../Engine/Content/EditorMaterials/MatineeGroups/MAT_Groups_Event.uasset" 266
"../../../Engine/Content/EditorMaterials/MatineeGroups/MAT_Groups_Fade.uasset" 267
"../../../Engine/Content/EditorMaterials/MatineeGroups/MAT_Groups_Float.uasset" 268
"../../../Engine/Content/EditorMaterials/MatineeGroups/MAT_Groups_Move.uasset" 269
"../../../Engine/Content/EditorMaterials/MatineeGroups/MAT_Groups_Slomo.uasset" 270
"../../../Engine/Content/EditorMaterials/MatineeGroups/MAT_Groups_Sound.uasset" 271
"../../../Engine/Content/EditorMaterials/MatineeGroups/MAT_Groups_Vector.uasset" 272
"../../../Engine/Content/EditorMaterials/ParticleSystems/PSysThumbnail_NoImage.uasset" 273
"../../../Engine/Content/EditorMaterials/ParticleSystems/PSysThumbnail_OOD.uasset" 274
"../../../Engine/Content/EditorMaterials/Camera/CineMat.uasset" 275
"../../../Engine/Content/EditorMaterials/Camera/MI_CineMat_Rig.uasset" 276
"../../../Engine/Content/EditorMeshes/Camera/SM_CraneRig_Arm.uasset" 277
"../../../Engine/Content/EditorMeshes/Camera/SM_CraneRig_Base.uasset" 278
"../../../Engine/Content/EditorMeshes/Camera/SM_CraneRig_Body.uasset" 279
"../../../Engine/Content/EditorMeshes/Camera/SM_CraneRig_Mount.uasset" 280
"../../../Engine/Content/EditorMeshes/Camera/SM_RailRig_Mount.uasset" 281
"../../../Engine/Content/EditorMeshes/Camera/SM_RailRig_Track.uasset" 282
"../../../Engine/Content/EditorResources/BSPVertex.uasset" 283
"../../../Engine/Content/EditorResources/EmptyActor.uasset" 284
"../../../Engine/Content/EditorResources/S_Actor.uasset" 285
"../../../Engine/Content/EditorResources/S_Note.uasset" 286
"../../../Engine/Content/EditorResources/S_Solver.uasset" 287
"../../../Engine/Content/EditorResources/S_Terrain.uasset" 288
"../../../Engine/Content/EditorResources/S_Trigger.uasset" 289
"../../../Engine/Content/EditorResources/LightIcons/S_LightError.uasset" 290
"../../../Engine/Content/EditorResources/SequenceRecorder/Countdown.uasset" 291
"../../../Engine/Content/EditorResources/SequenceRecorder/RecordingIndicator.uasset" 292
"../../../Engine/Content/EngineDamageTypes/DmgTypeBP_Environmental.uasset" 293
"../../../Engine/Content/EngineDebugMaterials/DebugEditorMaterial.uasset" 294
"../../../Engine/Content/EngineDebugMaterials/DebugMeshMaterial.uasset" 295
"../../../Engine/Content/EngineDebugMaterials/M_SimpleUnlitTranslucent.uasset" 296
"../../../Engine/Content/EngineDebugMaterials/VolumeToRender.uasset" 297
"../../../Engine/Content/Functions/Engine_MaterialFunctions02/Utility/CameraDirectionVector.uasset" 298
"../../../Engine/Content/EngineDebugMaterials/M_VolumeRenderSphereTracePP.uasset" 299
"../../../Engine/Content/Functions/Engine_MaterialFunctions01/Shading/ConvertFromDiffSpec.uasset" 300
"../../../Engine/Content/EngineDebugMaterials/VertexColorMaterial.uasset" 301
"../../../Engine/Content/EngineDebugMaterials/WireframeMaterial.uasset" 302
"../../../Engine/Content/EngineFonts/Faces/RobotoRegular.uasset" 303
"../../../Engine/Content/EngineFonts/Faces/RobotoLight.uasset" 304
"../../../Engine/Content/EngineFonts/Faces/RobotoItalic.uasset" 305
"../../../Engine/Content/EngineFonts/Faces/RobotoBoldItalic.uasset" 306
"../../../Engine/Content/EngineFonts/Faces/RobotoBold.uasset" 307
"../../../Engine/Content/EngineFonts/Faces/DroidSansFallback.uasset" 308
"../../../Engine/Content/EngineFonts/Roboto.uasset" 309
"../../../Engine/Content/EngineMaterials/BaseFlattenGrayscaleMap.uasset" 310
"../../../Engine/Content/EngineMaterials/BaseFlattenEmissiveMap.uasset" 311
"../../../Engine/Content/EngineMaterials/BaseFlattenDiffuseMap.uasset" 312
"../../../Engine/Content/EngineMaterials/BaseFlattenNormalMap.uasset" 313
"../../../Engine/Content/EngineMaterials/BaseFlattenMaterial.uasset" 314
"../../../Engine/Content/EngineMaterials/BlueNoise.uasset" 315
"../../../Engine/Content/EngineMaterials/DefaultBloomKernel.uasset" 316
"../../../Engine/Content/EngineMaterials/DefaultBokeh.uasset" 317
"../../../Engine/Content/EngineMaterials/DefaultDeferredDecalMaterial.uasset" 318
"../../../Engine/Content/EngineMaterials/DefaultLightFunctionMaterial.uasset" 319
"../../../Engine/Content/Functions/Engine_MaterialFunctions02/Utility/BreakOutFloat2Components.uasset" 320
"../../../Engine/Content/EngineMaterials/DefaultPostProcessMaterial.uasset" 321
"../../../Engine/Content/EngineFonts/RobotoDistanceField.uasset" 322
"../../../Engine/Content/EngineMaterials/DefaultTextMaterialOpaque.uasset" 323
"../../../Engine/Content/EngineMaterials/DefaultWhiteGrid.uasset" 324
"../../../Engine/Content/EngineMaterials/DefaultWhiteGrid_Low.uasset" 325
"../../../Engine/Content/EngineMaterials/EmissiveMeshMaterial.uasset" 326
"../../../Engine/Content/EngineMaterials/GizmoMaterial.uasset" 327
"../../../Engine/Content/EngineMaterials/MiniFont.uasset" 328
"../../../Engine/Content/EngineMaterials/InvalidLightmapSettings.uasset" 329
"../../../Engine/Content/EngineMaterials/M_InvalidLightmapSettings.uasset" 330
"../../../Engine/Content/Functions/Engine_MaterialFunctions02/WorldPositionOffset/CameraOffset.uasset" 331
"../../../Engine/Content/EngineMaterials/PhAT_JointLimitMaterial.uasset" 332
"../../../Engine/Content/EngineMaterials/PreintegratedSkinBRDF.uasset" 333
"../../../Engine/Content/EngineMaterials/RemoveSurfaceMaterial.uasset" 334
"../../../Engine/Content/EngineMaterials/WeightMapPlaceholderTexture.uasset" 335
"../../../Engine/Content/EngineResources/WhiteSquareTexture.uasset" 336
"../../../Engine/Content/EngineMaterials/Widget3DPassThrough.uasset" 337
"../../../Engine/Content/EngineMaterials/Widget3DPassThrough_Masked.uasset" 338
"../../../Engine/Content/EngineMaterials/Widget3DPassThrough_Opaque.uasset" 339
"../../../Engine/Content/EngineMaterials/Widget3DPassThrough_Masked_OneSided.uasset" 340
"../../../Engine/Content/EngineMaterials/Widget3DPassThrough_Opaque_OneSided.uasset" 341
"../../../Engine/Content/EngineMaterials/Widget3DPassThrough_Translucent.uasset" 342
"../../../Engine/Content/EngineMaterials/Widget3DPassThrough_Translucent_OneSided.uasset" 343
"../../../Engine/Content/EngineMeshes/Cylinder.uasset" 344
"../../../Engine/Content/EngineMeshes/Sphere.uasset" 345
"../../../Engine/Content/EngineResources/DefaultTextureCube.uasset" 346
"../../../Engine/Content/EngineResources/DefaultVolumeTexture2D.uasset" 347
"../../../Engine/Content/EngineResources/DefaultVolumeTexture.uasset" 348
"../../../Engine/Content/EngineResources/GradientTexture0.uasset" 349
"../../../Engine/Content/EngineSky/VolumetricClouds/T_NoiseShape64.uasset" 350
"../../../Engine/Content/EngineSky/VolumetricClouds/T_VolumeNoiseShape64.uasset" 351
"../../../Engine/Content/EngineSky/VolumetricClouds/T_NoiseErosion.uasset" 352
"../../../Engine/Content/EngineSky/VolumetricClouds/T_VolumeNoiseErosion32.uasset" 353
"../../../Engine/Content/EngineSky/VolumetricClouds/CloudWeatherTexture.uasset" 354
"../../../Engine/Content/EngineSky/VolumetricClouds/CloudGradientTexture.uasset" 355
"../../../Engine/Content/Functions/Engine_MaterialFunctions02/Utility/MakeFloat2.uasset" 356
"../../../Engine/Content/EngineSky/VolumetricClouds/m_SimpleVolumetricCloud.uasset" 357
"../../../Engine/Content/EngineSky/VolumetricClouds/m_SimpleVolumetricCloud_Inst.uasset" 358
"../../../Engine/Content/EngineSounds/Master.uasset" 359
"../../../Engine/Content/Functions/Engine_MaterialFunctions01/Shading/PowerToRoughness.uasset" 360
"../../../Engine/Content/Maps/Templates/Thumbnails/Default.uasset" 361
"../../../Engine/Content/Maps/Templates/Thumbnails/TimeOfDay.uasset" 362
"../../../Engine/Content/Maps/Templates/Thumbnails/VR-Basic.uasset" 363
"../../../Engine/Content/MobileResources/T_MobileControls_texture.uasset" 364
"../../../Engine/Content/MobileResources/T_MobileMenu2.uasset" 365
"../../../Engine/Content/MobileResources/HUD/AnalogHat.uasset" 366
"../../../Engine/Content/MobileResources/HUD/VirtualJoystick_Thumb.uasset" 367
"../../../Engine/Content/MobileResources/HUD/VirtualJoystick_Background.uasset" 368
"../../../Engine/Content/MobileResources/HUD/DefaultVirtualJoysticks.uasset" 369
"../../../Engine/Content/MobileResources/HUD/LeftVirtualJoystickOnly.uasset" 370
"../../../Engine/Content/MobileResources/HUD/MobileHUDButton1_off.uasset" 371
"../../../Engine/Content/MobileResources/HUD/MobileHUDButton1_on.uasset" 372
"../../../Engine/Content/MobileResources/HUD/MobileHUDButton2_off.uasset" 373
"../../../Engine/Content/MobileResources/HUD/MobileHUDButton2_on.uasset" 374
"../../../Engine/Content/MobileResources/HUD/MobileHUDButton3.uasset" 375
"../../../Engine/Content/MobileResources/HUD/MobileHUDButtonFire.uasset" 376
"../../../Engine/Content/MobileResources/HUD/MobileHUDDirectionPad.uasset" 377
"../../../Engine/Content/MobileResources/HUD/MobileHUDDirectionPad2.uasset" 378
"../../../Engine/Content/MobileResources/HUD/MobileHUDDirectionPad3.uasset" 379
"../../../Engine/Content/MobileResources/HUD/MobileHUDDirectionStick.uasset" 380
"../../../Engine/Content/MobileResources/HUD/T_Castle_ThumbstickInner.uasset" 381
"../../../Engine/Content/MobileResources/HUD/T_Castle_ThumbstickOutter.uasset" 382
"../../../Engine/Content/Tutorial/ContentIntroCurve.uasset" 383
"../../../Engine/Content/Tutorial/Basics/LevelEditorAttract.uasset" 384
"../../../Engine/Content/Tutorial/Basics/TutorialAssets/icon_tab_Levels_40x.uasset" 385
"../../../Engine/Content/Tutorial/Basics/LevelEditorOverview.uasset" 386
"../../../Engine/Content/Tutorial/BlueprintTutorials/TutorialAssets/Blueprint_64x.uasset" 387
"../../../Engine/Content/Tutorial/BlueprintTutorials/BlueprintEditorTutorial.uasset" 388
"../../../Engine/Content/VREditor/TransformGizmo/TranslucentTransformGizmoMaterial.uasset" 389
"../../../Engine/Content/VREditor/LaserPointer/VR_LaserPower_01.uasset" 390
"../../../Engine/Content/VREditor/TransformGizmo/TransformGizmoMaterial.uasset" 391
"../../../Engine/Content/VREditor/TransformGizmo/BoundingBoxCorner.uasset" 392
"../../../Engine/Content/VREditor/TransformGizmo/BoundingBoxEdge.uasset" 393
"../../../Engine/Content/VREditor/TransformGizmo/PlaneTranslationHandle.uasset" 394
"../../../Engine/Content/VREditor/TransformGizmo/Xray.uasset" 395
"../../../Engine/Content/VREditor/TransformGizmo/Main.uasset" 396
"../../../Engine/Content/VREditor/TransformGizmo/SM_Sequencer_Key.uasset" 397
"../../../Engine/Content/VREditor/TransformGizmo/SM_Sequencer_Node.uasset" 398
"../../Plugins/2D/Paper2D/Content/PlaceholderTextures/DummySpriteTexture.uasset" 399
"../../Plugins/2D/Paper2D/Content/DummySprite.uasset" 400
"../../Plugins/2D/Paper2D/Content/DefaultPaperTerrainMaterial.uasset" 401
"../../Plugins/2D/Paper2D/Content/DefaultSpriteMaterial.uasset" 402
"../../Plugins/2D/Paper2D/Content/MaskedUnlitSpriteMaterial.uasset" 403
"../../Plugins/2D/Paper2D/Content/OpaqueUnlitSpriteMaterial.uasset" 404
"../../Plugins/Editor/SpeedTreeImporter/Content/SpeedTree9/UnpackInteger3.uasset" 405
"../../Plugins/Editor/SpeedTreeImporter/Content/SpeedTree9/UnpackDirection.uasset" 406
"../../Plugins/Editor/SpeedTreeImporter/Content/SpeedTree9/game_wind_noise.uasset" 407
"../../Plugins/Editor/SpeedTreeImporter/Content/SpeedTree9/SpeedTreeWindMotion.uasset" 408
"../../Plugins/Editor/SpeedTreeImporter/Content/SpeedTree9/SpeedTreeBranchMotion.uasset" 409
"../../Plugins/Editor/SpeedTreeImporter/Content/SpeedTree9/SpeedTreeWind.uasset" 410
"../../Plugins/Editor/SpeedTreeImporter/Content/SpeedTree9/SpeedTreeBillboard.uasset" 411
"../../../Engine/Content/EngineResources/DefaultTexture.uasset" 412
"../../Plugins/Editor/SpeedTreeImporter/Content/SpeedTree9/SpeedTreeBillboardMaster.uasset" 413
"../../Plugins/Editor/SpeedTreeImporter/Content/SpeedTree9/SpeedTreeCameraFacing.uasset" 414
"../../Plugins/Editor/SpeedTreeImporter/Content/SpeedTree9/SpeedTreeMaster.uasset" 415
"../../../Engine/Content/BasicShapes/Cylinder.uasset" 416
"../../../Engine/Content/ArtTools/RenderToTexture/Materials/Debug/M_Emissive_Color.uasset" 417
"../../Plugins/Lumin/MagicLeapPassableWorld/Content/MagicLeapARPinInfoActor.uasset" 418
"../../../Engine/Content/Functions/Engine_MaterialFunctions02/Utility/BreakOutFloat4Components.uasset" 419
"../../../Engine/Content/Functions/Engine_MaterialFunctions02/Utility/MakeFloat3.uasset" 420
"../../Plugins/Runtime/Oculus/OculusVR/Content/Materials/OculusMR_ChromaKey.uasset" 421
"../../Plugins/Runtime/Oculus/OculusVR/Content/Materials/OculusMR_OpaqueColoredMaterial.uasset" 422
"../../Plugins/Runtime/Oculus/OculusVR/Content/Materials/PokeAHoleMaterial.uasset" 423
"D:/Unreal Projects/Project One/Sun/Content/UI/WBP_Lost.uasset" 424
"D:/Unreal Projects/Project One/Sun/Content/Blueprints/BP_LoseGame.uasset" 425
"D:/Unreal Projects/Project One/Sun/Content/Maps/LostLevel.umap" 426
"D:/Unreal Projects/Project One/Sun/Content/UI/WBP_Start.uasset" 427
"D:/Unreal Projects/Project One/Sun/Content/Blueprints/BP_StarGame.uasset" 428
"D:/Unreal Projects/Project One/Sun/Content/Maps/StartLevel.umap" 429
"../../../Engine/Content/EngineFonts/Faces/DroidSansMono.uasset" 430
"../../../Engine/Content/EngineFonts/DroidSansMono.uasset" 431
"D:/Unreal Projects/Project One/Sun/Content/UI/WBP_WinWidget.uasset" 432
"D:/Unreal Projects/Project One/Sun/Content/Maps/WinLevel.umap" 433
"D:/Unreal Projects/Project One/Sun/Content/ParagonProps/Monolith/Ruins/Textures/T_MonolithMossMask.uasset" 434
"D:/Unreal Projects/Project One/Sun/Content/ParagonProps/Monolith/Ruins/Textures/T_MaskDummy.uasset" 435
"D:/Unreal Projects/Project One/Sun/Content/ParagonProps/Monolith/Ruins/Textures/T_GlansDetail_N.uasset" 436
"D:/Unreal Projects/Project One/Sun/Content/ParagonProps/Monolith/Ruins/Textures/T_DirtLeakAO_M.uasset" 437
"D:/Unreal Projects/Project One/Sun/Content/ParagonProps/Monolith/Ruins/Textures/T_Blank_N.uasset" 438
"D:/Unreal Projects/Project One/Sun/Content/ParagonProps/Monolith/Ruins/Textures/MonoLithStatue01_normals.uasset" 439
"D:/Unreal Projects/Project One/Sun/Content/ParagonProps/Monolith/Ruins/Textures/MonoLithStatue01_AO.uasset" 440
"D:/Unreal Projects/Project One/Sun/Content/ParagonProps/Monolith/Ruins/MaterialFunctions/MF_JungleAO.uasset" 441
"D:/Unreal Projects/Project One/Sun/Content/ParagonProps/Monolith/Ruins/MaterialFunctions/MF_JungleColors.uasset" 442
"D:/Unreal Projects/Project One/Sun/Content/ParagonProps/Monolith/Ruins/MaterialFunctions/MF_JungleLeaks.uasset" 443
"D:/Unreal Projects/Project One/Sun/Content/ParagonProps/Monolith/Ruins/MaterialFunctions/MF_JungleDetails.uasset" 444
"D:/Unreal Projects/Project One/Sun/Content/ParagonProps/Monolith/Ruins/MaterialFunctions/MF_JungleMoss.uasset" 445
"D:/Unreal Projects/Project One/Sun/Content/ParagonProps/Monolith/Ruins/Materials/M_JungleArchitecture.uasset" 446
"D:/Unreal Projects/Project One/Sun/Content/ParagonProps/Monolith/Ruins/Materials/M_JungleArchitecture_Ref.uasset" 447
"D:/Unreal Projects/Project One/Sun/Content/ParagonProps/Monolith/Ruins/Materials/MI_MonolithStatue.uasset" 448
"D:/Unreal Projects/Project One/Sun/Content/ParagonProps/Monolith/Ruins/Meshes/MonoStatueTorso.uasset" 449
"D:/Unreal Projects/Project One/Sun/Content/ParagonProps/Monolith/Ruins/Textures/T_Jungle_Wall02B_N.uasset" 450
"D:/Unreal Projects/Project One/Sun/Content/ParagonProps/Monolith/Ruins/Textures/T_Jungle_Wall02B_M.uasset" 451
"D:/Unreal Projects/Project One/Sun/Content/ParagonProps/Monolith/Ruins/Materials/MI_JungleWall02B.uasset" 452
"D:/Unreal Projects/Project One/Sun/Content/ParagonProps/Monolith/Ruins/Meshes/JungleWall_02B_Curved02.uasset" 453
"D:/Unreal Projects/Project One/Sun/Content/ParagonProps/Monolith/Ruins/Meshes/JungleWall_02B.uasset" 454
"D:/Unreal Projects/Project One/Sun/Content/ParagonProps/Monolith/Ruins/Textures/T_Jungle_Wall02A_N.uasset" 455
"D:/Unreal Projects/Project One/Sun/Content/ParagonProps/Monolith/Ruins/Textures/T_Jungle_Wall02A_M.uasset" 456
"D:/Unreal Projects/Project One/Sun/Content/ParagonProps/Monolith/Ruins/Materials/MI_JungleWall02A.uasset" 457
"D:/Unreal Projects/Project One/Sun/Content/ParagonProps/Monolith/Ruins/Meshes/JungleWall_02A_Curved01.uasset" 458
"D:/Unreal Projects/Project One/Sun/Content/ParagonProps/Monolith/Ruins/Meshes/JungleWall_02A.uasset" 459
"D:/Unreal Projects/Project One/Sun/Content/ParagonProps/Monolith/Ruins/Textures/T_JunglePillarBlock02A_N.uasset" 460
"D:/Unreal Projects/Project One/Sun/Content/ParagonProps/Monolith/Ruins/Textures/T_JunglePillarBlock02A_M.uasset" 461
"D:/Unreal Projects/Project One/Sun/Content/ParagonProps/Monolith/Ruins/Materials/MI_JunglePillarBlock02A.uasset" 462
"D:/Unreal Projects/Project One/Sun/Content/ParagonProps/Monolith/Ruins/Meshes/JunglePillarBlock_02A.uasset" 463
"D:/Unreal Projects/Project One/Sun/Content/ParagonProps/Monolith/Ruins/Textures/JungleCamp_White_D_RM.uasset" 464
"D:/Unreal Projects/Project One/Sun/Content/ParagonProps/Monolith/Ruins/Textures/JungleCamp_White_D_N.uasset" 465
"D:/Unreal Projects/Project One/Sun/Content/ParagonProps/Monolith/Ruins/Materials/MI_JungleCamp_White_D.uasset" 466
"D:/Unreal Projects/Project One/Sun/Content/ParagonProps/Monolith/Ruins/Textures/JungleCamp_White_C_RM.uasset" 467
"D:/Unreal Projects/Project One/Sun/Content/ParagonProps/Monolith/Ruins/Textures/JungleCamp_White_C_N.uasset" 468
"D:/Unreal Projects/Project One/Sun/Content/ParagonProps/Monolith/Ruins/Materials/MI_JungleCamp_White_C.uasset" 469
"D:/Unreal Projects/Project One/Sun/Content/ParagonProps/Monolith/Ruins/Meshes/JungleCamp_White_Back.uasset" 470
"D:/Unreal Projects/Project One/Sun/Content/ParagonProps/Monolith/Ruins/Textures/T_JungleCamp_Green_2_N.uasset" 471
"D:/Unreal Projects/Project One/Sun/Content/ParagonProps/Monolith/Ruins/Textures/T_JungleCamp_Green_2_M.uasset" 472
"D:/Unreal Projects/Project One/Sun/Content/ParagonProps/Monolith/Ruins/Materials/MI_JungleCamp_Green2.uasset" 473
"D:/Unreal Projects/Project One/Sun/Content/ParagonProps/Monolith/Ruins/Textures/T_JungleCamp_Green_1_N.uasset" 474
"D:/Unreal Projects/Project One/Sun/Content/ParagonProps/Monolith/Ruins/Textures/T_JungleCamp_Green_1_M.uasset" 475
"D:/Unreal Projects/Project One/Sun/Content/ParagonProps/Monolith/Ruins/Materials/MI_JungleCamp_Green1.uasset" 476
"D:/Unreal Projects/Project One/Sun/Content/ParagonProps/Monolith/Ruins/Meshes/JungleCamp_Green.uasset" 477
"D:/Unreal Projects/Project One/Sun/Content/ParagonProps/Monolith/Ruins/Textures/T_JungleArch01A_N.uasset" 478
"D:/Unreal Projects/Project One/Sun/Content/ParagonProps/Monolith/Ruins/Textures/T_JungleArch01A_M.uasset" 479
"D:/Unreal Projects/Project One/Sun/Content/ParagonProps/Monolith/Ruins/Materials/MI_JungleArch01A.uasset" 480
"D:/Unreal Projects/Project One/Sun/Content/ParagonProps/Monolith/Ruins/Meshes/JungleArch_01A.uasset" 481
"D:/Unreal Projects/Project One/Sun/Content/ParagonProps/Monolith/Rocks/Textures/T_RockNordic_03_CC_N.uasset" 482
"D:/Unreal Projects/Project One/Sun/Content/ParagonProps/Monolith/Rocks/Textures/T_RockNordic_03_CC_M.uasset" 483
"D:/Unreal Projects/Project One/Sun/Content/ParagonProps/Monolith/Rocks/Textures/T_RockNordic_03_CC_D.uasset" 484
"D:/Unreal Projects/Project One/Sun/Content/ParagonProps/Monolith/Rocks/Textures/T_RockNordic_02_CC_N.uasset" 485
"D:/Unreal Projects/Project One/Sun/Content/ParagonProps/Monolith/Rocks/Textures/T_RockNordic_02_CC_M.uasset" 486
"D:/Unreal Projects/Project One/Sun/Content/ParagonProps/Monolith/Rocks/Textures/T_RockNordic_02_CC_D.uasset" 487
"D:/Unreal Projects/Project One/Sun/Content/ParagonProps/Monolith/Rocks/Textures/T_RockNordic_01_CC_N.uasset" 488
"D:/Unreal Projects/Project One/Sun/Content/ParagonProps/Monolith/Rocks/Textures/T_RockNordic_01_CC_M.uasset" 489
"D:/Unreal Projects/Project One/Sun/Content/ParagonProps/Monolith/Rocks/Textures/T_RockNordic_01_CC_D.uasset" 490
"D:/Unreal Projects/Project One/Sun/Content/ParagonProps/Monolith/Rocks/Textures/T_RdBRockWall_part_1_N.uasset" 491
"D:/Unreal Projects/Project One/Sun/Content/ParagonProps/Monolith/Rocks/Textures/T_RdBRockWall_part_1_D.uasset" 492
"D:/Unreal Projects/Project One/Sun/Content/ParagonProps/Monolith/Rocks/Textures/T_NordicRockTile02b.uasset" 493
"D:/Unreal Projects/Project One/Sun/Content/ParagonProps/Monolith/Rocks/Textures/T_NordicRockTile02_N.uasset" 494
"D:/Unreal Projects/Project One/Sun/Content/ParagonProps/Monolith/Rocks/Textures/Black.uasset" 495
"D:/Unreal Projects/Project One/Sun/Content/ParagonProps/Monolith/Rocks/MaterialFunctions/ML_ScanRock.uasset" 496
"D:/Unreal Projects/Project One/Sun/Content/ParagonProps/Monolith/Rocks/Textures/T_CliffRock_03_N.uasset" 497
"D:/Unreal Projects/Project One/Sun/Content/ParagonProps/Monolith/Rocks/Textures/T_CliffRock_03_D.uasset" 498
"D:/Unreal Projects/Project One/Sun/Content/ParagonProps/Monolith/Rocks/MaterialFunctions/MF_ScanRockDetail.uasset" 499
"D:/Unreal Projects/Project One/Sun/Content/ParagonProps/Monolith/Rocks/Materials/M_ScanRock.uasset" 500
"D:/Unreal Projects/Project One/Sun/Content/ParagonProps/Monolith/Rocks/Materials/M_ScanRock_Nordic_Inst.uasset" 501
"D:/Unreal Projects/Project One/Sun/Content/ParagonProps/Monolith/Rocks/Materials/M_ScanRock_Nordic_02_Inst.uasset" 502
"D:/Unreal Projects/Project One/Sun/Content/ParagonProps/Monolith/Rocks/Materials/M_ScanRock_Nordic_03_Inst.uasset" 503
"D:/Unreal Projects/Project One/Sun/Content/ParagonProps/Monolith/Rocks/Meshes/SM_RockNordic_03.uasset" 504
"D:/Unreal Projects/Project One/Sun/Content/ParagonProps/Agora/Props/Textures/Core_Base_Concrete_Trims_3M.uasset" 505
"D:/Unreal Projects/Project One/Sun/Content/ParagonProps/Agora/Props/Textures/Core_Base_Concrete_Trims_E.uasset" 506
"D:/Unreal Projects/Project One/Sun/Content/ParagonProps/Agora/Props/Textures/T_Floor_Mask.uasset" 507
"D:/Unreal Projects/Project One/Sun/Content/ParagonProps/Agora/Props/Textures/Core_Base_Concrete_Trims_N.uasset" 508
"D:/Unreal Projects/Project One/Sun/Content/ParagonProps/Agora/Props/Textures/Core_Base_Concrete_Trims_MetalMask.uasset" 509
"D:/Unreal Projects/Project One/Sun/Content/ParagonProps/Agora/Props/Textures/Core_Base_Concrete_Trims_M.uasset" 510
"D:/Unreal Projects/Project One/Sun/Content/ParagonProps/Agora/Props/Textures/Artifacts_Static_Pillar_B_M2.uasset" 511
"D:/Unreal Projects/Project One/Sun/Content/ParagonProps/Agora/Props/Textures/Artifacts_Static_Pillar_A_N.uasset" 512
"../../../Engine/Content/Functions/Engine_MaterialFunctions02/Texturing/HeightLerpWithTwoHeightMaps.uasset" 513
"D:/Unreal Projects/Project One/Sun/Content/ParagonProps/Agora/Props/Textures/T_MossMask_N.uasset" 514
"D:/Unreal Projects/Project One/Sun/Content/ParagonProps/Agora/Props/Textures/T_LandscapeMoss_M.uasset" 515
"D:/Unreal Projects/Project One/Sun/Content/ParagonProps/Agora/Props/Textures/T_LandscapeMoss_D.uasset" 516
"D:/Unreal Projects/Project One/Sun/Content/ParagonProps/Agora/Props/Materials/ML_MossGround_02.uasset" 517
"D:/Unreal Projects/Project One/Sun/Content/ParagonProps/Agora/Props/Materials/MatLayerBlend_CustomOptions.uasset" 518
"../../../Engine/Content/Functions/MaterialLayerFunctions/MatLayerBlend_BreakNormal.uasset" 519
"D:/Unreal Projects/Project One/Sun/Content/ParagonProps/Agora/Props/Textures/T_TilingMoss_Clovers-n-Flowers_01_D.uasset" 520
"D:/Unreal Projects/Project One/Sun/Content/ParagonProps/Agora/Props/Textures/T_GDC_StonePath_Tile_M.uasset" 521
"D:/Unreal Projects/Project One/Sun/Content/ParagonProps/Agora/Props/MaterialLayers/ML_MossLayer_WorldAligned.uasset" 522
"D:/Unreal Projects/Project One/Sun/Content/ParagonProps/Agora/Props/Textures/T_Mossrocks_Moss_02_D2.uasset" 523
"D:/Unreal Projects/Project One/Sun/Content/ParagonProps/Agora/Props/MaterialLayers/ML_MossDirt.uasset" 524
"D:/Unreal Projects/Project One/Sun/Content/ParagonProps/Agora/Props/Textures/T_Metal_Patina_N.uasset" 525
"D:/Unreal Projects/Project One/Sun/Content/ParagonProps/Agora/Props/Textures/T_Metal_Patina_M.uasset" 526
"D:/Unreal Projects/Project One/Sun/Content/ParagonProps/Agora/Props/Textures/T_Metal_Patina_D.uasset" 527
"D:/Unreal Projects/Project One/Sun/Content/ParagonProps/Agora/Props/MaterialLayers/ML_Metal_Patina_2.uasset" 528
"D:/Unreal Projects/Project One/Sun/Content/ParagonProps/Agora/Props/Textures/Marble_worn_N.uasset" 529
"D:/Unreal Projects/Project One/Sun/Content/ParagonProps/Agora/Props/Textures/Marble_worn_M.uasset" 530
"D:/Unreal Projects/Project One/Sun/Content/ParagonProps/Agora/Props/Textures/Marble_worn_D.uasset" 531
"D:/Unreal Projects/Project One/Sun/Content/ParagonProps/Agora/Props/Textures/Marble_worn_Black_D.uasset" 532
"D:/Unreal Projects/Project One/Sun/Content/ParagonProps/Agora/Props/MaterialLayers/ML_Marble_worn.uasset" 533
"D:/Unreal Projects/Project One/Sun/Content/ParagonProps/Agora/Props/MaterialLayers/ML_Marble_Wall.uasset" 534
"D:/Unreal Projects/Project One/Sun/Content/ParagonProps/Agora/Props/Textures/Marble_Damaged_N.uasset" 535
"D:/Unreal Projects/Project One/Sun/Content/ParagonProps/Agora/Props/Textures/Marble_Damaged_M.uasset" 536
"D:/Unreal Projects/Project One/Sun/Content/ParagonProps/Agora/Props/Textures/Marble_Damaged_D.uasset" 537
"D:/Unreal Projects/Project One/Sun/Content/ParagonProps/Agora/Props/Textures/Marble_Damaged_Black_D.uasset" 538
"D:/Unreal Projects/Project One/Sun/Content/ParagonProps/Agora/Props/MaterialLayers/ML_Marble_Damaged.uasset" 539
"D:/Unreal Projects/Project One/Sun/Content/ParagonProps/Agora/Props/Textures/Marble_Chipped_N.uasset" 540
"D:/Unreal Projects/Project One/Sun/Content/ParagonProps/Agora/Props/Textures/Marble_Chipped_M.uasset" 541
"D:/Unreal Projects/Project One/Sun/Content/ParagonProps/Agora/Props/Textures/Marble_Chipped_D.uasset" 542
"D:/Unreal Projects/Project One/Sun/Content/ParagonProps/Agora/Props/Textures/Marble_Chipped_Black_D.uasset" 543
"D:/Unreal Projects/Project One/Sun/Content/ParagonProps/Agora/Props/MaterialLayers/ML_Marble_Chipped.uasset" 544
"D:/Unreal Projects/Project One/Sun/Content/ParagonProps/Agora/Props/Textures/T_StairsSeam_N.uasset" 545
"D:/Unreal Projects/Project One/Sun/Content/ParagonProps/Agora/Props/Textures/T_StairsEnd_Whtie_PM_D.uasset" 546
"D:/Unreal Projects/Project One/Sun/Content/ParagonProps/Agora/Props/Textures/T_StairsEnd_PM_N.uasset" 547
"D:/Unreal Projects/Project One/Sun/Content/ParagonProps/Agora/Props/Textures/T_StairsEnd_PM_M.uasset" 548
"D:/Unreal Projects/Project One/Sun/Content/ParagonProps/Agora/Props/Textures/T_StairsEnd_PM_D.uasset" 549
"D:/Unreal Projects/Project One/Sun/Content/ParagonProps/Agora/Props/Textures/T_StairsEnd_Black_PM_D.uasset" 550
"D:/Unreal Projects/Project One/Sun/Content/ParagonProps/Agora/Props/Textures/T_Stairs_PM_White_D.uasset" 551
"D:/Unreal Projects/Project One/Sun/Content/ParagonProps/Agora/Props/Textures/T_Stairs_PM_N.uasset" 552
"D:/Unreal Projects/Project One/Sun/Content/ParagonProps/Agora/Props/Textures/T_Stairs_PM_M.uasset" 553
"D:/Unreal Projects/Project One/Sun/Content/ParagonProps/Agora/Props/Textures/T_Stairs_PM_D.uasset" 554
"D:/Unreal Projects/Project One/Sun/Content/ParagonProps/Agora/Props/Textures/T_Stairs_PM_Black_D.uasset" 555
"D:/Unreal Projects/Project One/Sun/Content/ParagonProps/Agora/Props/MaterialLayers/ML_MarbleStairs.uasset" 556
"D:/Unreal Projects/Project One/Sun/Content/ParagonProps/Agora/Props/Textures/T_SoilMud2_N.uasset" 557
"D:/Unreal Projects/Project One/Sun/Content/ParagonProps/Agora/Props/Textures/T_SoilMud2_H.uasset" 558
"D:/Unreal Projects/Project One/Sun/Content/ParagonProps/Agora/Props/Textures/T_SoilMud2_D.uasset" 559
"D:/Unreal Projects/Project One/Sun/Content/ParagonProps/Agora/Props/MaterialLayers/ML_Dirt_Path_1.uasset" 560
"D:/Unreal Projects/Project One/Sun/Content/ParagonProps/Agora/Props/MaterialFunctions/MF_ProxyDiffuseBrighten.uasset" 561
"D:/Unreal Projects/Project One/Sun/Content/ParagonProps/Agora/Props/Textures/T_Rusty_Earth_N.uasset" 562
"D:/Unreal Projects/Project One/Sun/Content/ParagonProps/Agora/Props/Textures/T_DirtLeakAO_M.uasset" 563
"D:/Unreal Projects/Project One/Sun/Content/ParagonProps/Agora/Props/MaterialFunctions/MF_cheapBlendAngleNormal.uasset" 564
"D:/Unreal Projects/Project One/Sun/Content/ParagonProps/Agora/Props/MaterialFunctions/MF_Mono_waterline.uasset" 565
"D:/Unreal Projects/Project One/Sun/Content/ParagonProps/Agora/Props/MaterialFunctions/MF_LightmassReplace.uasset" 566
"D:/Unreal Projects/Project One/Sun/Content/ParagonProps/Agora/Props/MaterialFunctions/MF_BrightnessAdjust.uasset" 567
"D:/Unreal Projects/Project One/Sun/Content/ParagonProps/Agora/Props/MaterialFunctions/MF_EnvironmentBrightnessModulation.uasset" 568
"../../../Engine/Content/Functions/Engine_MaterialFunctions01/ImageAdjustment/DeriveHDRfromLDR.uasset" 569
"D:/Unreal Projects/Project One/Sun/Content/ParagonProps/Agora/Props/MaterialFunctions/MF_Emissive.uasset" 570
"D:/Unreal Projects/Project One/Sun/Content/ParagonProps/Agora/Props/MaterialFunctions/MatLayerBlend_ColoredAO.uasset" 571
"D:/Unreal Projects/Project One/Sun/Content/ParagonProps/Agora/Props/Materials/MM_Marble_Metal_Arch.uasset" 572
"D:/Unreal Projects/Project One/Sun/Content/ParagonProps/Agora/Props/Materials/MM_MM_Master_Marble_and_Metal.uasset" 573
"D:/Unreal Projects/Project One/Sun/Content/ParagonProps/Agora/Props/Materials/Artifact_Core_Concrete_Trims.uasset" 574
"D:/Unreal Projects/Project One/Sun/Content/ParagonProps/Agora/Props/Materials/Artifact_Core_Concrete_Trims_Emissive_Inst.uasset" 575
"D:/Unreal Projects/Project One/Sun/Content/ParagonProps/Agora/Props/Materials/Artifact_Core_Concrete_Trims_Emissive_Core_Inst.uasset" 576
"D:/Unreal Projects/Project One/Sun/Content/ParagonProps/Agora/Props/Textures/Core_Base_Metal_Trims_N.uasset" 577
"D:/Unreal Projects/Project One/Sun/Content/ParagonProps/Agora/Props/Textures/Core_Base_Metal_Trims_M.uasset" 578
"D:/Unreal Projects/Project One/Sun/Content/ParagonProps/Agora/Props/Materials/Artifact_Core_Base_Metal_Trim_Moving.uasset" 579
"D:/Unreal Projects/Project One/Sun/Content/ParagonProps/Agora/Props/Textures/Core_Base_Metal_Trims_Color_Breakout_M.uasset" 580
"D:/Unreal Projects/Project One/Sun/Content/ParagonProps/Agora/Props/Materials/MM_MasterMetalOnly.uasset" 581
"D:/Unreal Projects/Project One/Sun/Content/ParagonProps/Agora/Props/Materials/Artifact_Core_Base_Metal_Trim_Inst.uasset" 582
"D:/Unreal Projects/Project One/Sun/Content/ParagonProps/Agora/Props/Meshes/Tower_Base.uasset" 583
"../../../Engine/Content/EngineSky/T_Sky_Stars.uasset" 584
"../../../Engine/Content/EngineSky/T_Sky_Clouds_M.uasset" 585
"../../../Engine/Content/EngineSky/T_Sky_Blue.uasset" 586
"../../../Engine/Content/EngineMaterials/DefaultPhysicalMaterial.uasset" 587
"D:/Unreal Projects/Project One/Sun/Content/ParagonProps/Monolith/Ruins/Textures/T_Ruins_BuffFloorA_N.uasset" 588
"D:/Unreal Projects/Project One/Sun/Content/ParagonProps/Monolith/Ruins/Textures/T_Ruins_BuffFloorA_M.uasset" 589
"D:/Unreal Projects/Project One/Sun/Content/ParagonProps/Monolith/Ruins/Materials/MI_Ruins_BuffFloorA.uasset" 590
"../../../Engine/Content/EngineSky/M_Sky_Panning_Clouds2.uasset" 591
"D:/Unreal Projects/Project One/Sun/Content/Maps/Main_BuiltData.uasset" 592
"../../../Engine/Content/EngineSky/SM_SkySphere.uasset" 593
"../../../Engine/Content/EngineSky/C_Sky_Zenith_Color.uasset" 594
"../../../Engine/Content/EngineSky/C_Sky_Horizon_Color.uasset" 595
"../../../Engine/Content/EngineSky/C_Sky_Cloud_Color.uasset" 596
"../../../Engine/Content/EditorBlueprintResources/StandardMacros.uasset" 597
"../../../Engine/Content/EngineSky/BP_Sky_Sphere.uasset" 598
"D:/Unreal Projects/Project One/Sun/Content/Maps/Main.umap" 599
"../../../Engine/Content/Maps/Entry_BuiltData.uasset" 600
"../../../Engine/Content/Maps/Entry.umap" 601
